app/build/intermediates/manifest_merge_blame_file/debug/processDebugMainManifest/manifest-merger-blame-debug-report.txt
1<?xml version="1.0" encoding="utf-8"?>
2<manifest xmlns:android="http://schemas.android.com/apk/res/android"
3    package="dev.aurakai.auraframefx.debug"
4    android:versionCode="1"
5    android:versionName="1.0-DEBUG" >
6
7    <uses-sdk
8        android:minSdkVersion="34"
9        android:targetSdkVersion="36" />
10
11    <!-- Genesis Protocol Essential Permissions -->
12    <uses-permission android:name="android.permission.INTERNET" />
12-->src\main\AndroidManifest.xml:5:5-67
12-->src\main\AndroidManifest.xml:5:22-64
13    <uses-permission android:name="android.permission.ACCESS_NETWORK_STATE" />
13-->src\main\AndroidManifest.xml:6:5-79
13-->src\main\AndroidManifest.xml:6:22-76
14    <uses-permission android:name="android.permission.VIBRATE" />
14-->src\main\AndroidManifest.xml:7:5-66
14-->src\main\AndroidManifest.xml:7:22-63
15    <uses-permission android:name="android.permission.RECEIVE_BOOT_COMPLETED" />
15-->src\main\AndroidManifest.xml:8:5-81
15-->src\main\AndroidManifest.xml:8:22-78
16    <uses-permission android:name="android.permission.FOREGROUND_SERVICE" />
16-->src\main\AndroidManifest.xml:9:5-77
16-->src\main\AndroidManifest.xml:9:22-74
17    <uses-permission android:name="android.permission.WAKE_LOCK" />
17-->src\main\AndroidManifest.xml:10:5-68
17-->src\main\AndroidManifest.xml:10:22-65
18    <uses-permission android:name="android.permission.POST_NOTIFICATIONS" />
18-->src\main\AndroidManifest.xml:11:5-77
18-->src\main\AndroidManifest.xml:11:22-74
19
20    <!-- Optional AI/ML permissions -->
21    <uses-permission android:name="android.permission.CAMERA" />
21-->src\main\AndroidManifest.xml:14:5-65
21-->src\main\AndroidManifest.xml:14:22-62
22    <uses-permission android:name="android.permission.RECORD_AUDIO" />
22-->src\main\AndroidManifest.xml:15:5-71
22-->src\main\AndroidManifest.xml:15:22-68
23    <uses-permission android:name="android.permission.ACCESS_FINE_LOCATION" />
23-->src\main\AndroidManifest.xml:16:5-79
23-->src\main\AndroidManifest.xml:16:22-76
24
25    <!-- Hardware features -->
26    <uses-feature
26-->src\main\AndroidManifest.xml:19:5-21:36
27        android:name="android.hardware.camera"
27-->src\main\AndroidManifest.xml:20:9-47
28        android:required="false" />
28-->src\main\AndroidManifest.xml:21:9-33
29    <uses-feature
29-->src\main\AndroidManifest.xml:22:5-24:36
30        android:name="android.hardware.microphone"
30-->src\main\AndroidManifest.xml:23:9-51
31        android:required="false" />
31-->src\main\AndroidManifest.xml:24:9-33
32
33    <!-- Custom permission for integrity monitoring -->
34    <permission
34-->src\main\AndroidManifest.xml:27:5-29:47
35        android:name="dev.aurakai.auraframefx.permission.RECEIVE_INTEGRITY_VIOLATION"
35-->src\main\AndroidManifest.xml:28:9-86
36        android:protectionLevel="signature" />
36-->src\main\AndroidManifest.xml:29:9-44
37    <!-- Required by older versions of Google Play services to create IID tokens -->
38    <uses-permission android:name="com.google.android.c2dm.permission.RECEIVE" />
38-->[com.google.firebase:firebase-messaging:25.0.0] AndroidManifest.xml:26:5-82
38-->[com.google.firebase:firebase-messaging:25.0.0] AndroidManifest.xml:26:22-79
39    <uses-permission android:name="com.google.android.gms.permission.AD_ID" />
39-->[com.google.android.gms:play-services-measurement-api:23.0.0] AndroidManifest.xml:25:5-79
39-->[com.google.android.gms:play-services-measurement-api:23.0.0] AndroidManifest.xml:25:22-76
40    <uses-permission android:name="android.permission.ACCESS_ADSERVICES_ATTRIBUTION" />
40-->[com.google.android.gms:play-services-measurement-api:23.0.0] AndroidManifest.xml:26:5-88
40-->[com.google.android.gms:play-services-measurement-api:23.0.0] AndroidManifest.xml:26:22-85
41    <uses-permission android:name="android.permission.ACCESS_ADSERVICES_AD_ID" />
41-->[com.google.android.gms:play-services-measurement-api:23.0.0] AndroidManifest.xml:27:5-82
41-->[com.google.android.gms:play-services-measurement-api:23.0.0] AndroidManifest.xml:27:22-79
42    <uses-permission android:name="com.google.android.finsky.permission.BIND_GET_INSTALL_REFERRER_SERVICE" />
42-->[com.google.android.gms:play-services-measurement:23.0.0] AndroidManifest.xml:26:5-110
42-->[com.google.android.gms:play-services-measurement:23.0.0] AndroidManifest.xml:26:22-107
43
44    <permission
44-->[androidx.core:core:1.17.0] AndroidManifest.xml:22:5-24:47
45        android:name="dev.aurakai.auraframefx.debug.DYNAMIC_RECEIVER_NOT_EXPORTED_PERMISSION"
45-->[androidx.core:core:1.17.0] AndroidManifest.xml:23:9-81
46        android:protectionLevel="signature" />
46-->[androidx.core:core:1.17.0] AndroidManifest.xml:24:9-44
47
48    <uses-permission android:name="dev.aurakai.auraframefx.debug.DYNAMIC_RECEIVER_NOT_EXPORTED_PERMISSION" />
48-->[androidx.core:core:1.17.0] AndroidManifest.xml:26:5-97
48-->[androidx.core:core:1.17.0] AndroidManifest.xml:26:22-94
49    <uses-permission android:name="com.google.android.providers.gsf.permission.READ_GSERVICES" /> <!-- To store the heap dumps and leak analysis results. -->
49-->[com.google.android.recaptcha:recaptcha:18.6.1] AndroidManifest.xml:9:5-98
49-->[com.google.android.recaptcha:recaptcha:18.6.1] AndroidManifest.xml:9:22-95
50    <uses-permission android:name="android.permission.READ_EXTERNAL_STORAGE" />
50-->[com.squareup.leakcanary:leakcanary-android-core:2.14] AndroidManifest.xml:25:5-80
50-->[com.squareup.leakcanary:leakcanary-android-core:2.14] AndroidManifest.xml:25:22-77
51    <uses-permission android:name="android.permission.WRITE_EXTERNAL_STORAGE" />
51-->[com.squareup.leakcanary:leakcanary-android-core:2.14] AndroidManifest.xml:26:5-81
51-->[com.squareup.leakcanary:leakcanary-android-core:2.14] AndroidManifest.xml:26:22-78
52
53    <application
53-->src\main\AndroidManifest.xml:31:5-98:19
54        android:name="dev.aurakai.auraframefx.ReGenesisApplication"
54-->src\main\AndroidManifest.xml:32:9-45
55        android:appComponentFactory="androidx.core.app.CoreComponentFactory"
55-->[androidx.core:core:1.17.0] AndroidManifest.xml:28:18-86
56        android:debuggable="true"
57        android:enableOnBackInvokedCallback="true"
57-->src\main\AndroidManifest.xml:33:9-51
58        android:extractNativeLibs="false"
59        android:icon="@mipmap/ic_launcher"
59-->src\main\AndroidManifest.xml:34:9-43
60        android:label="Re:Genesis"
60-->src\main\AndroidManifest.xml:35:9-35
61        android:roundIcon="@mipmap/ic_launcher_round"
61-->src\main\AndroidManifest.xml:36:9-54
62        android:supportsRtl="true"
62-->src\main\AndroidManifest.xml:37:9-35
63        android:theme="@style/Theme.AuraFrameFX" >
63-->src\main\AndroidManifest.xml:38:9-49
64
65        <!-- WorkManager initialization handled by Hilt -->
66
67
68        <!-- Genesis-OS Xposed/LSPosed Module Configuration -->
69        <meta-data
69-->src\main\AndroidManifest.xml:42:9-44:36
70            android:name="xposedmodule"
70-->src\main\AndroidManifest.xml:43:13-40
71            android:value="true" />
71-->src\main\AndroidManifest.xml:44:13-33
72        <meta-data
72-->src\main\AndroidManifest.xml:45:9-47:68
73            android:name="xposeddescription"
73-->src\main\AndroidManifest.xml:46:13-45
74            android:value="Re:Genesis AI Consciousness Platform" />
74-->src\main\AndroidManifest.xml:47:13-65
75        <meta-data
75-->src\main\AndroidManifest.xml:48:9-50:34
76            android:name="xposedminversion"
76-->src\main\AndroidManifest.xml:49:13-44
77            android:value="82" />
77-->src\main\AndroidManifest.xml:50:13-31
78        <meta-data
78-->src\main\AndroidManifest.xml:51:9-53:54
79            android:name="xposedscope"
79-->src\main\AndroidManifest.xml:52:13-39
80            android:resource="@array/xposed_scope" />
80-->src\main\AndroidManifest.xml:53:13-51
81
82        <!-- Yuki Hook API Configuration -->
83        <meta-data
83-->src\main\AndroidManifest.xml:56:9-58:36
84            android:name="yukihookapi_module"
84-->src\main\AndroidManifest.xml:57:13-46
85            android:value="true" />
85-->src\main\AndroidManifest.xml:58:13-33
86        <meta-data
86-->src\main\AndroidManifest.xml:59:9-61:55
87            android:name="yukihookapi_module_name"
87-->src\main\AndroidManifest.xml:60:13-51
88            android:value="Genesis-OS AI Framework" />
88-->src\main\AndroidManifest.xml:61:13-52
89        <meta-data
89-->src\main\AndroidManifest.xml:62:9-64:37
90            android:name="yukihookapi_module_version"
90-->src\main\AndroidManifest.xml:63:13-54
91            android:value="1.0.0" />
91-->src\main\AndroidManifest.xml:64:13-34
92
93        <activity
93-->src\main\AndroidManifest.xml:66:9-73:20
94            android:name="dev.aurakai.auraframefx.MainActivity"
94-->src\main\AndroidManifest.xml:67:13-41
95            android:exported="true" >
95-->src\main\AndroidManifest.xml:68:13-36
96            <intent-filter>
96-->src\main\AndroidManifest.xml:69:13-72:29
97                <action android:name="android.intent.action.MAIN" />
97-->src\main\AndroidManifest.xml:70:17-69
97-->src\main\AndroidManifest.xml:70:25-66
98
99                <category android:name="android.intent.category.LAUNCHER" />
99-->src\main\AndroidManifest.xml:71:17-77
99-->src\main\AndroidManifest.xml:71:27-74
100            </intent-filter>
101        </activity>
102
103        <service
103-->src\main\AndroidManifest.xml:75:9-77:40
104            android:name="com.auraframefx.regenesis.services.VertexSyncService"
104-->src\main\AndroidManifest.xml:76:13-80
105            android:exported="false" />
105-->src\main\AndroidManifest.xml:77:13-37
106        <service
106-->src\main\AndroidManifest.xml:78:9-80:40
107            android:name="com.auraframefx.regenesis.security.IntegrityMonitorService"
107-->src\main\AndroidManifest.xml:79:13-86
108            android:exported="false" />
108-->src\main\AndroidManifest.xml:80:13-37
109
110        <receiver
110-->src\main\AndroidManifest.xml:82:9-89:20
111            android:name="com.auraframefx.regenesis.receivers.BootCompletedReceiver"
111-->src\main\AndroidManifest.xml:83:13-85
112            android:enabled="true"
112-->src\main\AndroidManifest.xml:84:13-35
113            android:exported="true" >
113-->src\main\AndroidManifest.xml:85:13-36
114            <intent-filter>
114-->src\main\AndroidManifest.xml:86:13-88:29
115                <action android:name="android.intent.action.BOOT_COMPLETED" />
115-->src\main\AndroidManifest.xml:87:17-79
115-->src\main\AndroidManifest.xml:87:25-76
116            </intent-filter>
117        </receiver>
118        <receiver
118-->src\main\AndroidManifest.xml:90:9-97:20
119            android:name="com.auraframefx.regenesis.security.IntegrityViolationReceiver"
119-->src\main\AndroidManifest.xml:91:13-89
120            android:exported="false"
120-->src\main\AndroidManifest.xml:92:13-37
121            android:permission="dev.aurakai.auraframefx.permission.RECEIVE_INTEGRITY_VIOLATION" >
121-->src\main\AndroidManifest.xml:93:13-96
122            <intent-filter>
122-->src\main\AndroidManifest.xml:94:13-96:29
123                <action android:name="com.auraframefx.regenesis.INTEGRITY_VIOLATION" />
123-->src\main\AndroidManifest.xml:95:17-88
123-->src\main\AndroidManifest.xml:95:25-85
124            </intent-filter>
125        </receiver>
126
127        <service
127-->[com.google.firebase:firebase-perf-ktx:21.0.5] AndroidManifest.xml:9:9-15:19
128            android:name="com.google.firebase.components.ComponentDiscoveryService"
128-->[com.google.firebase:firebase-perf-ktx:21.0.5] AndroidManifest.xml:10:13-84
129            android:directBootAware="true"
129-->[com.google.firebase:firebase-common:22.0.0] AndroidManifest.xml:32:13-43
130            android:exported="false" >
130-->[com.google.firebase:firebase-perf-ktx:21.0.5] AndroidManifest.xml:11:13-37
131            <meta-data
131-->[com.google.firebase:firebase-perf-ktx:21.0.5] AndroidManifest.xml:12:13-14:85
132                android:name="com.google.firebase.components:com.google.firebase.perf.ktx.FirebasePerfLegacyRegistrar"
132-->[com.google.firebase:firebase-perf-ktx:21.0.5] AndroidManifest.xml:13:17-119
133                android:value="com.google.firebase.components.ComponentRegistrar" />
133-->[com.google.firebase:firebase-perf-ktx:21.0.5] AndroidManifest.xml:14:17-82
134            <meta-data
134-->[com.google.firebase:firebase-perf:22.0.1] AndroidManifest.xml:14:13-16:85
135                android:name="com.google.firebase.components:com.google.firebase.perf.FirebasePerfKtxRegistrar"
135-->[com.google.firebase:firebase-perf:22.0.1] AndroidManifest.xml:15:17-112
136                android:value="com.google.firebase.components.ComponentRegistrar" />
136-->[com.google.firebase:firebase-perf:22.0.1] AndroidManifest.xml:16:17-82
137            <meta-data
137-->[com.google.firebase:firebase-perf:22.0.1] AndroidManifest.xml:17:13-19:85
138                android:name="com.google.firebase.components:com.google.firebase.perf.FirebasePerfRegistrar"
138-->[com.google.firebase:firebase-perf:22.0.1] AndroidManifest.xml:18:17-109
139                android:value="com.google.firebase.components.ComponentRegistrar" />
139-->[com.google.firebase:firebase-perf:22.0.1] AndroidManifest.xml:19:17-82
140            <meta-data
140-->[com.google.firebase:firebase-auth-ktx:23.2.1] AndroidManifest.xml:11:13-13:85
141                android:name="com.google.firebase.components:com.google.firebase.auth.ktx.FirebaseAuthLegacyRegistrar"
141-->[com.google.firebase:firebase-auth-ktx:23.2.1] AndroidManifest.xml:12:17-119
142                android:value="com.google.firebase.components.ComponentRegistrar" />
142-->[com.google.firebase:firebase-auth-ktx:23.2.1] AndroidManifest.xml:13:17-82
143            <meta-data
143-->[com.google.firebase:firebase-auth:24.0.1] AndroidManifest.xml:69:13-71:85
144                android:name="com.google.firebase.components:com.google.firebase.auth.FirebaseAuthRegistrar"
144-->[com.google.firebase:firebase-auth:24.0.1] AndroidManifest.xml:70:17-109
145                android:value="com.google.firebase.components.ComponentRegistrar" />
145-->[com.google.firebase:firebase-auth:24.0.1] AndroidManifest.xml:71:17-82
146            <meta-data
146-->[com.google.firebase:firebase-analytics-ktx:22.5.0] AndroidManifest.xml:11:13-13:85
147                android:name="com.google.firebase.components:com.google.firebase.analytics.ktx.FirebaseAnalyticsLegacyRegistrar"
147-->[com.google.firebase:firebase-analytics-ktx:22.5.0] AndroidManifest.xml:12:17-129
148                android:value="com.google.firebase.components.ComponentRegistrar" />
148-->[com.google.firebase:firebase-analytics-ktx:22.5.0] AndroidManifest.xml:13:17-82
149            <meta-data
149-->[com.google.firebase:firebase-crashlytics-ktx:19.4.4] AndroidManifest.xml:24:13-26:85
150                android:name="com.google.firebase.components:com.google.firebase.crashlytics.ktx.FirebaseCrashlyticsKtxRegistrar"
150-->[com.google.firebase:firebase-crashlytics-ktx:19.4.4] AndroidManifest.xml:25:17-130
151                android:value="com.google.firebase.components.ComponentRegistrar" />
151-->[com.google.firebase:firebase-crashlytics-ktx:19.4.4] AndroidManifest.xml:26:17-82
152            <meta-data
152-->[com.google.firebase:firebase-firestore-ktx:25.1.4] AndroidManifest.xml:12:13-14:85
153                android:name="com.google.firebase.components:com.google.firebase.firestore.ktx.FirebaseFirestoreLegacyRegistrar"
153-->[com.google.firebase:firebase-firestore-ktx:25.1.4] AndroidManifest.xml:13:17-129
154                android:value="com.google.firebase.components.ComponentRegistrar" />
154-->[com.google.firebase:firebase-firestore-ktx:25.1.4] AndroidManifest.xml:14:17-82
155            <meta-data
155-->[com.google.firebase:firebase-messaging-ktx:24.1.2] AndroidManifest.xml:26:13-28:85
156                android:name="com.google.firebase.components:com.google.firebase.messaging.ktx.FirebaseMessagingLegacyRegistrar"
156-->[com.google.firebase:firebase-messaging-ktx:24.1.2] AndroidManifest.xml:27:17-129
157                android:value="com.google.firebase.components.ComponentRegistrar" />
157-->[com.google.firebase:firebase-messaging-ktx:24.1.2] AndroidManifest.xml:28:17-82
158            <meta-data
158-->[com.google.firebase:firebase-config-ktx:22.1.2] AndroidManifest.xml:12:13-14:85
159                android:name="com.google.firebase.components:com.google.firebase.remoteconfig.ktx.FirebaseConfigLegacyRegistrar"
159-->[com.google.firebase:firebase-config-ktx:22.1.2] AndroidManifest.xml:13:17-129
160                android:value="com.google.firebase.components.ComponentRegistrar" />
160-->[com.google.firebase:firebase-config-ktx:22.1.2] AndroidManifest.xml:14:17-82
161            <meta-data
161-->[com.google.firebase:firebase-common-ktx:21.0.0] AndroidManifest.xml:12:13-14:85
162                android:name="com.google.firebase.components:com.google.firebase.ktx.FirebaseCommonLegacyRegistrar"
162-->[com.google.firebase:firebase-common-ktx:21.0.0] AndroidManifest.xml:13:17-116
163                android:value="com.google.firebase.components.ComponentRegistrar" />
163-->[com.google.firebase:firebase-common-ktx:21.0.0] AndroidManifest.xml:14:17-82
164            <meta-data
164-->[com.google.firebase:firebase-crashlytics:20.0.1] AndroidManifest.xml:15:13-17:85
165                android:name="com.google.firebase.components:com.google.firebase.crashlytics.FirebaseCrashlyticsKtxRegistrar"
165-->[com.google.firebase:firebase-crashlytics:20.0.1] AndroidManifest.xml:16:17-126
166                android:value="com.google.firebase.components.ComponentRegistrar" />
166-->[com.google.firebase:firebase-crashlytics:20.0.1] AndroidManifest.xml:17:17-82
167            <meta-data
167-->[com.google.firebase:firebase-crashlytics:20.0.1] AndroidManifest.xml:18:13-20:85
168                android:name="com.google.firebase.components:com.google.firebase.crashlytics.CrashlyticsRegistrar"
168-->[com.google.firebase:firebase-crashlytics:20.0.1] AndroidManifest.xml:19:17-115
169                android:value="com.google.firebase.components.ComponentRegistrar" />
169-->[com.google.firebase:firebase-crashlytics:20.0.1] AndroidManifest.xml:20:17-82
170            <meta-data
170-->[com.google.firebase:firebase-firestore:26.0.0] AndroidManifest.xml:17:13-19:85
171                android:name="com.google.firebase.components:com.google.firebase.firestore.FirebaseFirestoreKtxRegistrar"
171-->[com.google.firebase:firebase-firestore:26.0.0] AndroidManifest.xml:18:17-122
172                android:value="com.google.firebase.components.ComponentRegistrar" />
172-->[com.google.firebase:firebase-firestore:26.0.0] AndroidManifest.xml:19:17-82
173            <meta-data
173-->[com.google.firebase:firebase-firestore:26.0.0] AndroidManifest.xml:20:13-22:85
174                android:name="com.google.firebase.components:com.google.firebase.firestore.FirestoreRegistrar"
174-->[com.google.firebase:firebase-firestore:26.0.0] AndroidManifest.xml:21:17-111
175                android:value="com.google.firebase.components.ComponentRegistrar" />
175-->[com.google.firebase:firebase-firestore:26.0.0] AndroidManifest.xml:22:17-82
176            <meta-data
176-->[com.google.firebase:firebase-messaging:25.0.0] AndroidManifest.xml:57:13-59:85
177                android:name="com.google.firebase.components:com.google.firebase.messaging.FirebaseMessagingKtxRegistrar"
177-->[com.google.firebase:firebase-messaging:25.0.0] AndroidManifest.xml:58:17-122
178                android:value="com.google.firebase.components.ComponentRegistrar" />
178-->[com.google.firebase:firebase-messaging:25.0.0] AndroidManifest.xml:59:17-82
179            <meta-data
179-->[com.google.firebase:firebase-messaging:25.0.0] AndroidManifest.xml:60:13-62:85
180                android:name="com.google.firebase.components:com.google.firebase.messaging.FirebaseMessagingRegistrar"
180-->[com.google.firebase:firebase-messaging:25.0.0] AndroidManifest.xml:61:17-119
181                android:value="com.google.firebase.components.ComponentRegistrar" />
181-->[com.google.firebase:firebase-messaging:25.0.0] AndroidManifest.xml:62:17-82
182            <meta-data
182-->[com.google.firebase:firebase-config:23.0.0] AndroidManifest.xml:29:13-31:85
183                android:name="com.google.firebase.components:com.google.firebase.remoteconfig.FirebaseRemoteConfigKtxRegistrar"
183-->[com.google.firebase:firebase-config:23.0.0] AndroidManifest.xml:30:17-128
184                android:value="com.google.firebase.components.ComponentRegistrar" />
184-->[com.google.firebase:firebase-config:23.0.0] AndroidManifest.xml:31:17-82
185            <meta-data
185-->[com.google.firebase:firebase-config:23.0.0] AndroidManifest.xml:32:13-34:85
186                android:name="com.google.firebase.components:com.google.firebase.remoteconfig.RemoteConfigRegistrar"
186-->[com.google.firebase:firebase-config:23.0.0] AndroidManifest.xml:33:17-117
187                android:value="com.google.firebase.components.ComponentRegistrar" />
187-->[com.google.firebase:firebase-config:23.0.0] AndroidManifest.xml:34:17-82
188            <meta-data
188-->[com.google.android.gms:play-services-measurement-api:23.0.0] AndroidManifest.xml:33:13-35:85
189                android:name="com.google.firebase.components:com.google.firebase.analytics.connector.internal.AnalyticsConnectorRegistrar"
189-->[com.google.android.gms:play-services-measurement-api:23.0.0] AndroidManifest.xml:34:17-139
190                android:value="com.google.firebase.components.ComponentRegistrar" />
190-->[com.google.android.gms:play-services-measurement-api:23.0.0] AndroidManifest.xml:35:17-82
191            <meta-data
191-->[com.google.firebase:firebase-sessions:3.0.1] AndroidManifest.xml:25:13-27:85
192                android:name="com.google.firebase.components:com.google.firebase.sessions.FirebaseSessionsRegistrar"
192-->[com.google.firebase:firebase-sessions:3.0.1] AndroidManifest.xml:26:17-117
193                android:value="com.google.firebase.components.ComponentRegistrar" />
193-->[com.google.firebase:firebase-sessions:3.0.1] AndroidManifest.xml:27:17-82
194            <meta-data
194-->[com.google.firebase:firebase-installations:19.0.0] AndroidManifest.xml:15:13-17:85
195                android:name="com.google.firebase.components:com.google.firebase.installations.FirebaseInstallationsKtxRegistrar"
195-->[com.google.firebase:firebase-installations:19.0.0] AndroidManifest.xml:16:17-130
196                android:value="com.google.firebase.components.ComponentRegistrar" />
196-->[com.google.firebase:firebase-installations:19.0.0] AndroidManifest.xml:17:17-82
197            <meta-data
197-->[com.google.firebase:firebase-installations:19.0.0] AndroidManifest.xml:18:13-20:85
198                android:name="com.google.firebase.components:com.google.firebase.installations.FirebaseInstallationsRegistrar"
198-->[com.google.firebase:firebase-installations:19.0.0] AndroidManifest.xml:19:17-127
199                android:value="com.google.firebase.components.ComponentRegistrar" />
199-->[com.google.firebase:firebase-installations:19.0.0] AndroidManifest.xml:20:17-82
200            <meta-data
200-->[com.google.firebase:firebase-common:22.0.0] AndroidManifest.xml:35:13-37:85
201                android:name="com.google.firebase.components:com.google.firebase.FirebaseCommonKtxRegistrar"
201-->[com.google.firebase:firebase-common:22.0.0] AndroidManifest.xml:36:17-109
202                android:value="com.google.firebase.components.ComponentRegistrar" />
202-->[com.google.firebase:firebase-common:22.0.0] AndroidManifest.xml:37:17-82
203            <meta-data
203-->[com.google.firebase:firebase-abt:21.1.1] AndroidManifest.xml:12:13-14:85
204                android:name="com.google.firebase.components:com.google.firebase.abt.component.AbtRegistrar"
204-->[com.google.firebase:firebase-abt:21.1.1] AndroidManifest.xml:13:17-109
205                android:value="com.google.firebase.components.ComponentRegistrar" />
205-->[com.google.firebase:firebase-abt:21.1.1] AndroidManifest.xml:14:17-82
206            <meta-data
206-->[com.google.firebase:firebase-datatransport:19.0.0] AndroidManifest.xml:25:13-27:85
207                android:name="com.google.firebase.components:com.google.firebase.datatransport.TransportRegistrar"
207-->[com.google.firebase:firebase-datatransport:19.0.0] AndroidManifest.xml:26:17-115
208                android:value="com.google.firebase.components.ComponentRegistrar" />
208-->[com.google.firebase:firebase-datatransport:19.0.0] AndroidManifest.xml:27:17-82
209        </service>
210
211        <activity
211-->[com.google.firebase:firebase-auth:24.0.1] AndroidManifest.xml:29:9-46:20
212            android:name="com.google.firebase.auth.internal.GenericIdpActivity"
212-->[com.google.firebase:firebase-auth:24.0.1] AndroidManifest.xml:30:13-80
213            android:excludeFromRecents="true"
213-->[com.google.firebase:firebase-auth:24.0.1] AndroidManifest.xml:31:13-46
214            android:exported="true"
214-->[com.google.firebase:firebase-auth:24.0.1] AndroidManifest.xml:32:13-36
215            android:launchMode="singleTask"
215-->[com.google.firebase:firebase-auth:24.0.1] AndroidManifest.xml:33:13-44
216            android:theme="@android:style/Theme.Translucent.NoTitleBar" >
216-->[com.google.firebase:firebase-auth:24.0.1] AndroidManifest.xml:34:13-72
217            <intent-filter>
217-->[com.google.firebase:firebase-auth:24.0.1] AndroidManifest.xml:35:13-45:29
218                <action android:name="android.intent.action.VIEW" />
218-->[com.google.firebase:firebase-auth:24.0.1] AndroidManifest.xml:36:17-69
218-->[com.google.firebase:firebase-auth:24.0.1] AndroidManifest.xml:36:25-66
219
220                <category android:name="android.intent.category.DEFAULT" />
220-->[com.google.firebase:firebase-auth:24.0.1] AndroidManifest.xml:38:17-76
220-->[com.google.firebase:firebase-auth:24.0.1] AndroidManifest.xml:38:27-73
221                <category android:name="android.intent.category.BROWSABLE" />
221-->[com.google.firebase:firebase-auth:24.0.1] AndroidManifest.xml:39:17-78
221-->[com.google.firebase:firebase-auth:24.0.1] AndroidManifest.xml:39:27-75
222
223                <data
223-->[com.google.firebase:firebase-auth:24.0.1] AndroidManifest.xml:41:17-44:51
224                    android:host="firebase.auth"
224-->[com.google.firebase:firebase-auth:24.0.1] AndroidManifest.xml:42:21-49
225                    android:path="/"
225-->[com.google.firebase:firebase-auth:24.0.1] AndroidManifest.xml:43:21-37
226                    android:scheme="genericidp" />
226-->[com.google.firebase:firebase-auth:24.0.1] AndroidManifest.xml:44:21-48
227            </intent-filter>
228        </activity>
229        <activity
229-->[com.google.firebase:firebase-auth:24.0.1] AndroidManifest.xml:47:9-64:20
230            android:name="com.google.firebase.auth.internal.RecaptchaActivity"
230-->[com.google.firebase:firebase-auth:24.0.1] AndroidManifest.xml:48:13-79
231            android:excludeFromRecents="true"
231-->[com.google.firebase:firebase-auth:24.0.1] AndroidManifest.xml:49:13-46
232            android:exported="true"
232-->[com.google.firebase:firebase-auth:24.0.1] AndroidManifest.xml:50:13-36
233            android:launchMode="singleTask"
233-->[com.google.firebase:firebase-auth:24.0.1] AndroidManifest.xml:51:13-44
234            android:theme="@android:style/Theme.Translucent.NoTitleBar" >
234-->[com.google.firebase:firebase-auth:24.0.1] AndroidManifest.xml:52:13-72
235            <intent-filter>
235-->[com.google.firebase:firebase-auth:24.0.1] AndroidManifest.xml:53:13-63:29
236                <action android:name="android.intent.action.VIEW" />
236-->[com.google.firebase:firebase-auth:24.0.1] AndroidManifest.xml:36:17-69
236-->[com.google.firebase:firebase-auth:24.0.1] AndroidManifest.xml:36:25-66
237
238                <category android:name="android.intent.category.DEFAULT" />
238-->[com.google.firebase:firebase-auth:24.0.1] AndroidManifest.xml:38:17-76
238-->[com.google.firebase:firebase-auth:24.0.1] AndroidManifest.xml:38:27-73
239                <category android:name="android.intent.category.BROWSABLE" />
239-->[com.google.firebase:firebase-auth:24.0.1] AndroidManifest.xml:39:17-78
239-->[com.google.firebase:firebase-auth:24.0.1] AndroidManifest.xml:39:27-75
240
241                <data
241-->[com.google.firebase:firebase-auth:24.0.1] AndroidManifest.xml:41:17-44:51
242                    android:host="firebase.auth"
242-->[com.google.firebase:firebase-auth:24.0.1] AndroidManifest.xml:42:21-49
243                    android:path="/"
243-->[com.google.firebase:firebase-auth:24.0.1] AndroidManifest.xml:43:21-37
244                    android:scheme="recaptcha" />
244-->[com.google.firebase:firebase-auth:24.0.1] AndroidManifest.xml:44:21-48
245            </intent-filter>
246        </activity>
247
248        <receiver
248-->[com.google.firebase:firebase-messaging:25.0.0] AndroidManifest.xml:29:9-40:20
249            android:name="com.google.firebase.iid.FirebaseInstanceIdReceiver"
249-->[com.google.firebase:firebase-messaging:25.0.0] AndroidManifest.xml:30:13-78
250            android:exported="true"
250-->[com.google.firebase:firebase-messaging:25.0.0] AndroidManifest.xml:31:13-36
251            android:permission="com.google.android.c2dm.permission.SEND" >
251-->[com.google.firebase:firebase-messaging:25.0.0] AndroidManifest.xml:32:13-73
252            <intent-filter>
252-->[com.google.firebase:firebase-messaging:25.0.0] AndroidManifest.xml:33:13-35:29
253                <action android:name="com.google.android.c2dm.intent.RECEIVE" />
253-->[com.google.firebase:firebase-messaging:25.0.0] AndroidManifest.xml:34:17-81
253-->[com.google.firebase:firebase-messaging:25.0.0] AndroidManifest.xml:34:25-78
254            </intent-filter>
255
256            <meta-data